<?xml version="1.0" encoding="UTF-8"?>
<!-- Generated by org.testng.reporters.JUnitXMLReporter -->
<testsuite ignored="4" hostname="LTIN168041" failures="0" tests="26" name="Chrome Test" time="201.593" errors="0" timestamp="2024-02-27T14:08:21 IST">
  <testcase classname="TestCases.Tc_001_HolidayHomeTest" name="verify_text_box" time="7.568"/>
  <testcase classname="TestCases.Tc_001_HolidayHomeTest" name="verify_language" time="4.71"/>
  <testcase classname="TestCases.Tc_001_HolidayHomeTest" name="verify_course_level" time="4.58"/>
  <testcase classname="TestCases.Tc_001_HolidayHomeTest" name="verify_course_box" time="21.846"/>
  <testcase classname="TestCases.Tc_001_HolidayHomeTest" name="verify_second_course_box" time="45.293"/>
  <testcase classname="TestCases.Tc_002_LeaninglanguageTest" name="verify_input_box" time="2.444"/>
  <testcase classname="TestCases.Tc_002_LeaninglanguageTest" name="verify_language" time="1.323"/>
  <testcase classname="TestCases.Tc_002_LeaninglanguageTest" name="verify_show_more" time="0.707"/>
  <testcase classname="TestCases.Tc_002_LeaninglanguageTest" name="verify_all_language" time="20.39"/>
  <testcase classname="TestCases.Tc_002_LeaninglanguageTest" name="verify_all_levels" time="1.379"/>
  <testcase classname="TestCases.Tc_003_EnterpriseTest" name="verify_coursera_button" time="8.656"/>
  <testcase classname="TestCases.Tc_003_EnterpriseTest" name="verify_enterprise_button" time="14.303"/>
  <testcase classname="TestCases.Tc_003_EnterpriseTest" name="verify_whatWeOffer_button" time="5.728"/>
  <testcase classname="TestCases.Tc_003_EnterpriseTest" name="verify_learnMore_button" time="11.233"/>
  <testcase classname="TestCases.Tc_003_EnterpriseTest" name="verify_Form" time="0.153"/>
  <testcase classname="TestCases.Tc_003_EnterpriseTest" name="verify_first_name" time="1.147"/>
  <testcase classname="TestCases.Tc_003_EnterpriseTest" name="verify_mail_phone" time="0.926"/>
  <testcase classname="TestCases.Tc_003_EnterpriseTest" name="verify_institute_type" time="0.7"/>
  <testcase classname="TestCases.Tc_003_EnterpriseTest" name="verify_institute_name" time="0.499"/>
  <testcase classname="TestCases.Tc_003_EnterpriseTest" name="verify_job_search" time="0.706"/>
  <testcase classname="TestCases.Tc_003_EnterpriseTest" name="verify_department" time="0.653"/>
  <testcase classname="TestCases.Tc_003_EnterpriseTest" name="verify_Country" time="1.062"/>
  <testcase classname="TestCases.Tc_003_EnterpriseTest" name="verify_describe" time="0.861"/>
  <testcase classname="TestCases.Tc_003_EnterpriseTest" name="verify_State" time="0.615"/>
  <testcase classname="TestCases.Tc_003_EnterpriseTest" name="verify_Submit" time="0.185"/>
  <testcase classname="TestCases.Tc_003_EnterpriseTest" name="verify_error_msg" time="4.943"/>
  <testcase classname="TestBase.BaseClass" name="@BeforeTest setUp" time="0.0">
    <ignored/>
  </testcase> <!-- @BeforeTest setUp -->
  <testcase classname="TestBase.BaseClass" name="@BeforeTest setUp" time="0.0">
    <ignored/>
  </testcase> <!-- @BeforeTest setUp -->
  <testcase classname="TestBase.BaseClass" name="@AfterTest tearDown" time="0.0">
    <ignored/>
  </testcase> <!-- @AfterTest tearDown -->
  <testcase classname="TestBase.BaseClass" name="@AfterTest tearDown" time="0.0">
    <ignored/>
  </testcase> <!-- @AfterTest tearDown -->
</testsuite> <!-- Chrome Test -->
