<?xml version="1.0" encoding="UTF-8"?>
<!-- Generated by org.testng.reporters.JUnitXMLReporter -->
<testsuite ignored="4" hostname="LTIN168041" failures="0" tests="26" name="Edge Test" time="146.183" errors="0" timestamp="2024-02-27T14:10:51 IST">
  <testcase classname="TestCases.Tc_001_HolidayHomeTest" name="verify_text_box" time="9.878"/>
  <testcase classname="TestCases.Tc_001_HolidayHomeTest" name="verify_language" time="3.859"/>
  <testcase classname="TestCases.Tc_001_HolidayHomeTest" name="verify_course_level" time="3.747"/>
  <testcase classname="TestCases.Tc_001_HolidayHomeTest" name="verify_course_box" time="15.177"/>
  <testcase classname="TestCases.Tc_001_HolidayHomeTest" name="verify_second_course_box" time="16.801"/>
  <testcase classname="TestCases.Tc_002_LeaninglanguageTest" name="verify_input_box" time="2.102"/>
  <testcase classname="TestCases.Tc_002_LeaninglanguageTest" name="verify_language" time="1.937"/>
  <testcase classname="TestCases.Tc_002_LeaninglanguageTest" name="verify_show_more" time="0.908"/>
  <testcase classname="TestCases.Tc_002_LeaninglanguageTest" name="verify_all_language" time="20.171"/>
  <testcase classname="TestCases.Tc_002_LeaninglanguageTest" name="verify_all_levels" time="0.991"/>
  <testcase classname="TestCases.Tc_003_EnterpriseTest" name="verify_coursera_button" time="11.752"/>
  <testcase classname="TestCases.Tc_003_EnterpriseTest" name="verify_enterprise_button" time="11.109"/>
  <testcase classname="TestCases.Tc_003_EnterpriseTest" name="verify_whatWeOffer_button" time="5.006"/>
  <testcase classname="TestCases.Tc_003_EnterpriseTest" name="verify_learnMore_button" time="7.131"/>
  <testcase classname="TestCases.Tc_003_EnterpriseTest" name="verify_Form" time="0.278"/>
  <testcase classname="TestCases.Tc_003_EnterpriseTest" name="verify_first_name" time="0.829"/>
  <testcase classname="TestCases.Tc_003_EnterpriseTest" name="verify_mail_phone" time="0.744"/>
  <testcase classname="TestCases.Tc_003_EnterpriseTest" name="verify_institute_type" time="0.447"/>
  <testcase classname="TestCases.Tc_003_EnterpriseTest" name="verify_institute_name" time="0.857"/>
  <testcase classname="TestCases.Tc_003_EnterpriseTest" name="verify_job_search" time="0.665"/>
  <testcase classname="TestCases.Tc_003_EnterpriseTest" name="verify_department" time="0.581"/>
  <testcase classname="TestCases.Tc_003_EnterpriseTest" name="verify_Country" time="0.577"/>
  <testcase classname="TestCases.Tc_003_EnterpriseTest" name="verify_describe" time="0.663"/>
  <testcase classname="TestCases.Tc_003_EnterpriseTest" name="verify_State" time="0.593"/>
  <testcase classname="TestCases.Tc_003_EnterpriseTest" name="verify_Submit" time="0.208"/>
  <testcase classname="TestCases.Tc_003_EnterpriseTest" name="verify_error_msg" time="0.179"/>
  <testcase classname="TestBase.BaseClass" name="@BeforeTest setUp" time="0.0">
    <ignored/>
  </testcase> <!-- @BeforeTest setUp -->
  <testcase classname="TestBase.BaseClass" name="@BeforeTest setUp" time="0.0">
    <ignored/>
  </testcase> <!-- @BeforeTest setUp -->
  <testcase classname="TestBase.BaseClass" name="@AfterTest tearDown" time="0.0">
    <ignored/>
  </testcase> <!-- @AfterTest tearDown -->
  <testcase classname="TestBase.BaseClass" name="@AfterTest tearDown" time="0.0">
    <ignored/>
  </testcase> <!-- @AfterTest tearDown -->
</testsuite> <!-- Edge Test -->
