<?xml version="1.0" encoding="UTF-8"?>
<!-- Generated by org.testng.reporters.JUnitXMLReporter -->
<testsuite ignored="4" hostname="LTIN168041" failures="0" tests="25" name="Test" time="155.362" errors="0" timestamp="2024-02-22T21:48:33 IST">
  <testcase classname="TestCases.Tc_001_HolidayHomeTest" name="verify_text_box" time="8.678"/>
  <testcase classname="TestCases.Tc_001_HolidayHomeTest" name="verify_language" time="3.539"/>
  <testcase classname="TestCases.Tc_001_HolidayHomeTest" name="verify_course_level" time="3.655"/>
  <testcase classname="TestCases.Tc_001_HolidayHomeTest" name="verify_course_box" time="11.019"/>
  <testcase classname="TestCases.Tc_001_HolidayHomeTest" name="verify_second_course_box" time="6.751"/>
  <testcase classname="TestCases.Tc_002_LeaninglanguageTest" name="verify_input_box" time="0.928"/>
  <testcase classname="TestCases.Tc_002_LeaninglanguageTest" name="verify_language" time="30.059"/>
  <testcase classname="TestCases.Tc_002_LeaninglanguageTest" name="verify_show_more" time="30.086"/>
  <testcase classname="TestCases.Tc_002_LeaninglanguageTest" name="verify_all_language" time="4.746"/>
  <testcase classname="TestCases.Tc_002_LeaninglanguageTest" name="verify_all_levels" time="0.948"/>
  <testcase classname="TestCases.Tc_003_EnterpriseTest" name="verify_coursera_button" time="4.658"/>
  <testcase classname="TestCases.Tc_003_EnterpriseTest" name="verify_enterprise_button" time="12.049"/>
  <testcase classname="TestCases.Tc_003_EnterpriseTest" name="verify_whatWeOffer_button" time="4.886"/>
  <testcase classname="TestCases.Tc_003_EnterpriseTest" name="verify_learnMore_button" time="4.757"/>
  <testcase classname="TestCases.Tc_003_EnterpriseTest" name="verify_Form" time="0.147"/>
  <testcase classname="TestCases.Tc_003_EnterpriseTest" name="verify_first_name" time="0.549"/>
  <testcase classname="TestCases.Tc_003_EnterpriseTest" name="verify_mail_phone" time="0.391"/>
  <testcase classname="TestCases.Tc_003_EnterpriseTest" name="verify_institute_type" time="0.206"/>
  <testcase classname="TestCases.Tc_003_EnterpriseTest" name="verify_job_search" time="0.183"/>
  <testcase classname="TestCases.Tc_003_EnterpriseTest" name="verify_department" time="0.178"/>
  <testcase classname="TestCases.Tc_003_EnterpriseTest" name="verify_Country" time="0.203"/>
  <testcase classname="TestCases.Tc_003_EnterpriseTest" name="verify_describe" time="0.203"/>
  <testcase classname="TestCases.Tc_003_EnterpriseTest" name="verify_State" time="0.21"/>
  <testcase classname="TestCases.Tc_003_EnterpriseTest" name="verify_Submit" time="0.139"/>
  <testcase classname="TestCases.Tc_003_EnterpriseTest" name="verify_error_msg" time="0.114"/>
  <testcase classname="TestBase.BaseClass" name="@BeforeTest setUp" time="0.0">
    <ignored/>
  </testcase> <!-- @BeforeTest setUp -->
  <testcase classname="TestBase.BaseClass" name="@BeforeTest setUp" time="0.0">
    <ignored/>
  </testcase> <!-- @BeforeTest setUp -->
  <testcase classname="TestBase.BaseClass" name="@AfterTest tearDown" time="0.0">
    <ignored/>
  </testcase> <!-- @AfterTest tearDown -->
  <testcase classname="TestBase.BaseClass" name="@AfterTest tearDown" time="0.0">
    <ignored/>
  </testcase> <!-- @AfterTest tearDown -->
</testsuite> <!-- Test -->
