<?xml version="1.0" encoding="UTF-8"?>
<!-- Generated by org.testng.reporters.JUnitXMLReporter -->
<testsuite ignored="4" hostname="LTIN168041" failures="0" tests="26" name="Test" time="156.058" errors="0" timestamp="2024-02-28T10:53:16 IST">
  <testcase classname="TestCases.Tc_001_HolidayHomeTest" name="verify_text_box" time="23.267"/>
  <testcase classname="TestCases.Tc_001_HolidayHomeTest" name="verify_language" time="3.757"/>
  <testcase classname="TestCases.Tc_001_HolidayHomeTest" name="verify_course_level" time="3.449"/>
  <testcase classname="TestCases.Tc_001_HolidayHomeTest" name="verify_course_box" time="19.732"/>
  <testcase classname="TestCases.Tc_001_HolidayHomeTest" name="verify_second_course_box" time="9.807"/>
  <testcase classname="TestCases.Tc_002_LeaninglanguageTest" name="verify_input_box" time="1.355"/>
  <testcase classname="TestCases.Tc_002_LeaninglanguageTest" name="verify_language" time="0.412"/>
  <testcase classname="TestCases.Tc_002_LeaninglanguageTest" name="verify_show_more" time="0.883"/>
  <testcase classname="TestCases.Tc_002_LeaninglanguageTest" name="verify_all_language" time="5.809"/>
  <testcase classname="TestCases.Tc_002_LeaninglanguageTest" name="verify_all_levels" time="0.534"/>
  <testcase classname="TestCases.Tc_003_EnterpriseTest" name="verify_coursera_button" time="7.656"/>
  <testcase classname="TestCases.Tc_003_EnterpriseTest" name="verify_enterprise_button" time="8.897"/>
  <testcase classname="TestCases.Tc_003_EnterpriseTest" name="verify_whatWeOffer_button" time="4.842"/>
  <testcase classname="TestCases.Tc_003_EnterpriseTest" name="verify_learnMore_button" time="6.207"/>
  <testcase classname="TestCases.Tc_003_EnterpriseTest" name="verify_Form" time="0.107"/>
  <testcase classname="TestCases.Tc_003_EnterpriseTest" name="verify_first_name" time="0.598"/>
  <testcase classname="TestCases.Tc_003_EnterpriseTest" name="verify_mail_phone" time="0.475"/>
  <testcase classname="TestCases.Tc_003_EnterpriseTest" name="verify_institute_type" time="0.248"/>
  <testcase classname="TestCases.Tc_003_EnterpriseTest" name="verify_institute_name" time="0.183"/>
  <testcase classname="TestCases.Tc_003_EnterpriseTest" name="verify_job_search" time="0.203"/>
  <testcase classname="TestCases.Tc_003_EnterpriseTest" name="verify_department" time="0.223"/>
  <testcase classname="TestCases.Tc_003_EnterpriseTest" name="verify_Country" time="0.239"/>
  <testcase classname="TestCases.Tc_003_EnterpriseTest" name="verify_describe" time="0.273"/>
  <testcase classname="TestCases.Tc_003_EnterpriseTest" name="verify_State" time="0.226"/>
  <testcase classname="TestCases.Tc_003_EnterpriseTest" name="verify_Submit" time="0.123"/>
  <testcase classname="TestCases.Tc_003_EnterpriseTest" name="verify_error_msg" time="0.08"/>
  <testcase classname="TestBase.BaseClass" name="@BeforeTest setUp" time="0.0">
    <ignored/>
  </testcase> <!-- @BeforeTest setUp -->
  <testcase classname="TestBase.BaseClass" name="@BeforeTest setUp" time="0.0">
    <ignored/>
  </testcase> <!-- @BeforeTest setUp -->
  <testcase classname="TestBase.BaseClass" name="@AfterTest tearDown" time="0.0">
    <ignored/>
  </testcase> <!-- @AfterTest tearDown -->
  <testcase classname="TestBase.BaseClass" name="@AfterTest tearDown" time="0.0">
    <ignored/>
  </testcase> <!-- @AfterTest tearDown -->
</testsuite> <!-- Test -->
