<?xml version="1.0" encoding="UTF-8"?>
<!-- Generated by org.testng.reporters.JUnitXMLReporter -->
<testsuite ignored="4" hostname="LTIN168041" failures="0" tests="26" name="Test" time="97.698" errors="0" timestamp="2024-03-12T23:09:10 IST">
  <testcase classname="TestCases.Tc_001_HolidayHomeTest" name="verify_text_box" time="10.624"/>
  <testcase classname="TestCases.Tc_001_HolidayHomeTest" name="verify_language" time="3.637"/>
  <testcase classname="TestCases.Tc_001_HolidayHomeTest" name="verify_course_level" time="3.768"/>
  <testcase classname="TestCases.Tc_001_HolidayHomeTest" name="verify_course_box" time="10.618"/>
  <testcase classname="TestCases.Tc_001_HolidayHomeTest" name="verify_second_course_box" time="9.596"/>
  <testcase classname="TestCases.Tc_002_LeaninglanguageTest" name="verify_input_box" time="1.094"/>
  <testcase classname="TestCases.Tc_002_LeaninglanguageTest" name="verify_language" time="0.291"/>
  <testcase classname="TestCases.Tc_002_LeaninglanguageTest" name="verify_show_more" time="0.432"/>
  <testcase classname="TestCases.Tc_002_LeaninglanguageTest" name="verify_all_language" time="6.128"/>
  <testcase classname="TestCases.Tc_002_LeaninglanguageTest" name="verify_all_levels" time="0.542"/>
  <testcase classname="TestCases.Tc_003_EnterpriseTest" name="verify_coursera_button" time="6.913"/>
  <testcase classname="TestCases.Tc_003_EnterpriseTest" name="verify_enterprise_button" time="8.933"/>
  <testcase classname="TestCases.Tc_003_EnterpriseTest" name="verify_whatWeOffer_button" time="4.418"/>
  <testcase classname="TestCases.Tc_003_EnterpriseTest" name="verify_learnMore_button" time="4.482"/>
  <testcase classname="TestCases.Tc_003_EnterpriseTest" name="verify_Form" time="0.229"/>
  <testcase classname="TestCases.Tc_003_EnterpriseTest" name="verify_first_name" time="0.659"/>
  <testcase classname="TestCases.Tc_003_EnterpriseTest" name="verify_mail_phone" time="0.493"/>
  <testcase classname="TestCases.Tc_003_EnterpriseTest" name="verify_institute_type" time="0.296"/>
  <testcase classname="TestCases.Tc_003_EnterpriseTest" name="verify_institute_name" time="0.18"/>
  <testcase classname="TestCases.Tc_003_EnterpriseTest" name="verify_job_search" time="0.245"/>
  <testcase classname="TestCases.Tc_003_EnterpriseTest" name="verify_department" time="0.243"/>
  <testcase classname="TestCases.Tc_003_EnterpriseTest" name="verify_Country" time="0.297"/>
  <testcase classname="TestCases.Tc_003_EnterpriseTest" name="verify_describe" time="0.206"/>
  <testcase classname="TestCases.Tc_003_EnterpriseTest" name="verify_State" time="0.34"/>
  <testcase classname="TestCases.Tc_003_EnterpriseTest" name="verify_Submit" time="0.141"/>
  <testcase classname="TestCases.Tc_003_EnterpriseTest" name="verify_error_msg" time="0.083"/>
  <testcase classname="TestBase.BaseClass" name="@BeforeTest setUp" time="0.0">
    <ignored/>
  </testcase> <!-- @BeforeTest setUp -->
  <testcase classname="TestBase.BaseClass" name="@BeforeTest setUp" time="0.0">
    <ignored/>
  </testcase> <!-- @BeforeTest setUp -->
  <testcase classname="TestBase.BaseClass" name="@AfterTest tearDown" time="0.0">
    <ignored/>
  </testcase> <!-- @AfterTest tearDown -->
  <testcase classname="TestBase.BaseClass" name="@AfterTest tearDown" time="0.0">
    <ignored/>
  </testcase> <!-- @AfterTest tearDown -->
</testsuite> <!-- Test -->
