<?xml version="1.0" encoding="UTF-8"?>
<testng-results ignored="0" total="26" passed="26" failed="0" skipped="0">
  <reporter-output>
  </reporter-output>
  <suite started-at="2024-02-28T16:45:07 IST" name="Suite" finished-at="2024-02-28T16:47:04 IST" duration-ms="117273">
    <groups>
    </groups>
    <test started-at="2024-02-28T16:45:07 IST" name="Test" finished-at="2024-02-28T16:47:04 IST" duration-ms="117273">
      <class name="TestCases.Tc_003_EnterpriseTest">
        <test-method signature="verify_coursera_button()[pri:10, instance:TestCases.Tc_003_EnterpriseTest@53fb3dab]" started-at="2024-02-28T16:46:18 IST" name="verify_coursera_button" finished-at="2024-02-28T16:46:28 IST" duration-ms="10002" status="PASS">
          <reporter-output>
          </reporter-output>
        </test-method> <!-- verify_coursera_button -->
        <test-method signature="verify_enterprise_button()[pri:11, instance:TestCases.Tc_003_EnterpriseTest@53fb3dab]" started-at="2024-02-28T16:46:28 IST" name="verify_enterprise_button" finished-at="2024-02-28T16:46:39 IST" duration-ms="11207" status="PASS">
          <reporter-output>
          </reporter-output>
        </test-method> <!-- verify_enterprise_button -->
        <test-method signature="verify_whatWeOffer_button()[pri:12, instance:TestCases.Tc_003_EnterpriseTest@53fb3dab]" started-at="2024-02-28T16:46:40 IST" name="verify_whatWeOffer_button" finished-at="2024-02-28T16:46:51 IST" duration-ms="11560" status="PASS">
          <reporter-output>
          </reporter-output>
        </test-method> <!-- verify_whatWeOffer_button -->
        <test-method signature="verify_learnMore_button()[pri:13, instance:TestCases.Tc_003_EnterpriseTest@53fb3dab]" started-at="2024-02-28T16:46:51 IST" name="verify_learnMore_button" finished-at="2024-02-28T16:46:57 IST" duration-ms="6036" status="PASS">
          <reporter-output>
          </reporter-output>
        </test-method> <!-- verify_learnMore_button -->
        <test-method signature="verify_Form()[pri:14, instance:TestCases.Tc_003_EnterpriseTest@53fb3dab]" started-at="2024-02-28T16:46:58 IST" name="verify_Form" finished-at="2024-02-28T16:46:58 IST" duration-ms="60" status="PASS">
          <reporter-output>
          </reporter-output>
        </test-method> <!-- verify_Form -->
        <test-method signature="verify_first_name()[pri:15, instance:TestCases.Tc_003_EnterpriseTest@53fb3dab]" started-at="2024-02-28T16:46:58 IST" name="verify_first_name" finished-at="2024-02-28T16:46:59 IST" duration-ms="857" status="PASS">
          <reporter-output>
          </reporter-output>
        </test-method> <!-- verify_first_name -->
        <test-method signature="verify_mail_phone()[pri:16, instance:TestCases.Tc_003_EnterpriseTest@53fb3dab]" started-at="2024-02-28T16:46:59 IST" name="verify_mail_phone" finished-at="2024-02-28T16:46:59 IST" duration-ms="357" status="PASS">
          <reporter-output>
          </reporter-output>
        </test-method> <!-- verify_mail_phone -->
        <test-method signature="verify_institute_type()[pri:17, instance:TestCases.Tc_003_EnterpriseTest@53fb3dab]" started-at="2024-02-28T16:47:00 IST" name="verify_institute_type" finished-at="2024-02-28T16:47:00 IST" duration-ms="252" status="PASS">
          <reporter-output>
          </reporter-output>
        </test-method> <!-- verify_institute_type -->
        <test-method signature="verify_institute_name()[pri:18, instance:TestCases.Tc_003_EnterpriseTest@53fb3dab]" started-at="2024-02-28T16:47:00 IST" name="verify_institute_name" finished-at="2024-02-28T16:47:00 IST" duration-ms="149" status="PASS">
          <reporter-output>
          </reporter-output>
        </test-method> <!-- verify_institute_name -->
        <test-method signature="verify_job_search()[pri:19, instance:TestCases.Tc_003_EnterpriseTest@53fb3dab]" started-at="2024-02-28T16:47:00 IST" name="verify_job_search" finished-at="2024-02-28T16:47:00 IST" duration-ms="197" status="PASS">
          <reporter-output>
          </reporter-output>
        </test-method> <!-- verify_job_search -->
        <test-method signature="verify_department()[pri:21, instance:TestCases.Tc_003_EnterpriseTest@53fb3dab]" started-at="2024-02-28T16:47:01 IST" name="verify_department" finished-at="2024-02-28T16:47:01 IST" duration-ms="184" status="PASS">
          <reporter-output>
          </reporter-output>
        </test-method> <!-- verify_department -->
        <test-method signature="verify_Country()[pri:22, instance:TestCases.Tc_003_EnterpriseTest@53fb3dab]" started-at="2024-02-28T16:47:01 IST" name="verify_Country" finished-at="2024-02-28T16:47:01 IST" duration-ms="227" status="PASS">
          <reporter-output>
          </reporter-output>
        </test-method> <!-- verify_Country -->
        <test-method signature="verify_describe()[pri:22, instance:TestCases.Tc_003_EnterpriseTest@53fb3dab]" started-at="2024-02-28T16:47:01 IST" name="verify_describe" finished-at="2024-02-28T16:47:02 IST" duration-ms="198" status="PASS">
          <reporter-output>
          </reporter-output>
        </test-method> <!-- verify_describe -->
        <test-method signature="verify_State()[pri:23, instance:TestCases.Tc_003_EnterpriseTest@53fb3dab]" started-at="2024-02-28T16:47:02 IST" name="verify_State" finished-at="2024-02-28T16:47:02 IST" duration-ms="212" status="PASS">
          <reporter-output>
          </reporter-output>
        </test-method> <!-- verify_State -->
        <test-method signature="verify_Submit()[pri:24, instance:TestCases.Tc_003_EnterpriseTest@53fb3dab]" started-at="2024-02-28T16:47:02 IST" name="verify_Submit" finished-at="2024-02-28T16:47:02 IST" duration-ms="105" status="PASS">
          <reporter-output>
          </reporter-output>
        </test-method> <!-- verify_Submit -->
        <test-method signature="verify_error_msg()[pri:25, instance:TestCases.Tc_003_EnterpriseTest@53fb3dab]" started-at="2024-02-28T16:47:02 IST" name="verify_error_msg" finished-at="2024-02-28T16:47:03 IST" duration-ms="195" status="PASS">
          <reporter-output>
          </reporter-output>
        </test-method> <!-- verify_error_msg -->
      </class> <!-- TestCases.Tc_003_EnterpriseTest -->
      <class name="TestCases.Tc_002_LeaninglanguageTest">
        <test-method signature="verify_input_box()[pri:6, instance:TestCases.Tc_002_LeaninglanguageTest@4b013c76]" started-at="2024-02-28T16:46:04 IST" name="verify_input_box" finished-at="2024-02-28T16:46:05 IST" duration-ms="1211" status="PASS">
          <reporter-output>
          </reporter-output>
        </test-method> <!-- verify_input_box -->
        <test-method signature="verify_language()[pri:7, instance:TestCases.Tc_002_LeaninglanguageTest@4b013c76]" started-at="2024-02-28T16:46:05 IST" name="verify_language" finished-at="2024-02-28T16:46:07 IST" duration-ms="1325" status="PASS">
          <reporter-output>
          </reporter-output>
        </test-method> <!-- verify_language -->
        <test-method signature="verify_show_more()[pri:8, instance:TestCases.Tc_002_LeaninglanguageTest@4b013c76]" started-at="2024-02-28T16:46:07 IST" name="verify_show_more" finished-at="2024-02-28T16:46:08 IST" duration-ms="1213" status="PASS">
          <reporter-output>
          </reporter-output>
        </test-method> <!-- verify_show_more -->
        <test-method signature="verify_all_language()[pri:9, instance:TestCases.Tc_002_LeaninglanguageTest@4b013c76]" started-at="2024-02-28T16:46:08 IST" name="verify_all_language" finished-at="2024-02-28T16:46:17 IST" duration-ms="8410" status="PASS">
          <reporter-output>
          </reporter-output>
        </test-method> <!-- verify_all_language -->
        <test-method signature="verify_all_levels()[pri:10, instance:TestCases.Tc_002_LeaninglanguageTest@4b013c76]" started-at="2024-02-28T16:46:17 IST" name="verify_all_levels" finished-at="2024-02-28T16:46:18 IST" duration-ms="606" status="PASS">
          <reporter-output>
          </reporter-output>
        </test-method> <!-- verify_all_levels -->
      </class> <!-- TestCases.Tc_002_LeaninglanguageTest -->
      <class name="TestCases.Tc_001_HolidayHomeTest">
        <test-method is-config="true" signature="setUp(java.lang.String,java.lang.String)[pri:0, instance:TestCases.Tc_001_HolidayHomeTest@663c9e7a]" started-at="2024-02-28T16:45:07 IST" name="setUp" finished-at="2024-02-28T16:45:26 IST" duration-ms="18897" status="PASS">
          <params>
            <param index="0">
              <value>
                <![CDATA[windows]]>
              </value>
            </param>
            <param index="1">
              <value>
                <![CDATA[Chrome]]>
              </value>
            </param>
          </params>
          <reporter-output>
          </reporter-output>
        </test-method> <!-- setUp -->
        <test-method signature="verify_text_box()[pri:1, instance:TestCases.Tc_001_HolidayHomeTest@663c9e7a]" started-at="2024-02-28T16:45:26 IST" name="verify_text_box" finished-at="2024-02-28T16:45:34 IST" duration-ms="7712" status="PASS">
          <reporter-output>
          </reporter-output>
        </test-method> <!-- verify_text_box -->
        <test-method signature="verify_language()[pri:2, instance:TestCases.Tc_001_HolidayHomeTest@663c9e7a]" started-at="2024-02-28T16:45:34 IST" name="verify_language" finished-at="2024-02-28T16:45:38 IST" duration-ms="3484" status="PASS">
          <reporter-output>
          </reporter-output>
        </test-method> <!-- verify_language -->
        <test-method signature="verify_course_level()[pri:3, instance:TestCases.Tc_001_HolidayHomeTest@663c9e7a]" started-at="2024-02-28T16:45:38 IST" name="verify_course_level" finished-at="2024-02-28T16:45:42 IST" duration-ms="3556" status="PASS">
          <reporter-output>
          </reporter-output>
        </test-method> <!-- verify_course_level -->
        <test-method signature="verify_course_box()[pri:4, instance:TestCases.Tc_001_HolidayHomeTest@663c9e7a]" started-at="2024-02-28T16:45:42 IST" name="verify_course_box" finished-at="2024-02-28T16:45:55 IST" duration-ms="13668" status="PASS">
          <reporter-output>
          </reporter-output>
        </test-method> <!-- verify_course_box -->
        <test-method signature="verify_second_course_box()[pri:5, instance:TestCases.Tc_001_HolidayHomeTest@663c9e7a]" started-at="2024-02-28T16:45:56 IST" name="verify_second_course_box" finished-at="2024-02-28T16:46:04 IST" duration-ms="7847" status="PASS">
          <reporter-output>
          </reporter-output>
        </test-method> <!-- verify_second_course_box -->
        <test-method is-config="true" signature="tearDown()[pri:0, instance:TestCases.Tc_001_HolidayHomeTest@663c9e7a]" started-at="2024-02-28T16:47:03 IST" name="tearDown" finished-at="2024-02-28T16:47:04 IST" duration-ms="1456" status="PASS">
          <reporter-output>
          </reporter-output>
        </test-method> <!-- tearDown -->
      </class> <!-- TestCases.Tc_001_HolidayHomeTest -->
    </test> <!-- Test -->
  </suite> <!-- Suite -->
</testng-results>
