<?xml version="1.0" encoding="UTF-8"?>
<testng-results ignored="0" total="25" passed="25" failed="0" skipped="0">
  <reporter-output>
  </reporter-output>
  <suite started-at="2024-02-23T12:11:09 IST" name="Suite" finished-at="2024-02-23T12:15:03 IST" duration-ms="234404">
    <groups>
    </groups>
    <test started-at="2024-02-23T12:11:09 IST" name="Test" finished-at="2024-02-23T12:15:03 IST" duration-ms="234404">
      <class name="TestCases.Tc_003_EnterpriseTest">
        <test-method signature="verify_coursera_button()[pri:10, instance:TestCases.Tc_003_EnterpriseTest@7f3b84b8]" started-at="2024-02-23T12:14:25 IST" name="verify_coursera_button" finished-at="2024-02-23T12:14:34 IST" duration-ms="9583" status="PASS">
          <reporter-output>
          </reporter-output>
        </test-method> <!-- verify_coursera_button -->
        <test-method signature="verify_enterprise_button()[pri:11, instance:TestCases.Tc_003_EnterpriseTest@7f3b84b8]" started-at="2024-02-23T12:14:34 IST" name="verify_enterprise_button" finished-at="2024-02-23T12:14:45 IST" duration-ms="10632" status="PASS">
          <reporter-output>
          </reporter-output>
        </test-method> <!-- verify_enterprise_button -->
        <test-method signature="verify_whatWeOffer_button()[pri:12, instance:TestCases.Tc_003_EnterpriseTest@7f3b84b8]" started-at="2024-02-23T12:14:45 IST" name="verify_whatWeOffer_button" finished-at="2024-02-23T12:14:50 IST" duration-ms="4703" status="PASS">
          <reporter-output>
          </reporter-output>
        </test-method> <!-- verify_whatWeOffer_button -->
        <test-method signature="verify_learnMore_button()[pri:13, instance:TestCases.Tc_003_EnterpriseTest@7f3b84b8]" started-at="2024-02-23T12:14:50 IST" name="verify_learnMore_button" finished-at="2024-02-23T12:14:55 IST" duration-ms="5020" status="PASS">
          <reporter-output>
          </reporter-output>
        </test-method> <!-- verify_learnMore_button -->
        <test-method signature="verify_Form()[pri:14, instance:TestCases.Tc_003_EnterpriseTest@7f3b84b8]" started-at="2024-02-23T12:14:56 IST" name="verify_Form" finished-at="2024-02-23T12:14:57 IST" duration-ms="287" status="PASS">
          <reporter-output>
          </reporter-output>
        </test-method> <!-- verify_Form -->
        <test-method signature="verify_first_name()[pri:15, instance:TestCases.Tc_003_EnterpriseTest@7f3b84b8]" started-at="2024-02-23T12:14:57 IST" name="verify_first_name" finished-at="2024-02-23T12:14:57 IST" duration-ms="602" status="PASS">
          <reporter-output>
          </reporter-output>
        </test-method> <!-- verify_first_name -->
        <test-method signature="verify_mail_phone()[pri:16, instance:TestCases.Tc_003_EnterpriseTest@7f3b84b8]" started-at="2024-02-23T12:14:58 IST" name="verify_mail_phone" finished-at="2024-02-23T12:14:58 IST" duration-ms="452" status="PASS">
          <reporter-output>
          </reporter-output>
        </test-method> <!-- verify_mail_phone -->
        <test-method signature="verify_institute_type()[pri:17, instance:TestCases.Tc_003_EnterpriseTest@7f3b84b8]" started-at="2024-02-23T12:14:58 IST" name="verify_institute_type" finished-at="2024-02-23T12:14:59 IST" duration-ms="395" status="PASS">
          <reporter-output>
          </reporter-output>
        </test-method> <!-- verify_institute_type -->
        <test-method signature="verify_job_search()[pri:19, instance:TestCases.Tc_003_EnterpriseTest@7f3b84b8]" started-at="2024-02-23T12:14:59 IST" name="verify_job_search" finished-at="2024-02-23T12:14:59 IST" duration-ms="384" status="PASS">
          <reporter-output>
          </reporter-output>
        </test-method> <!-- verify_job_search -->
        <test-method signature="verify_department()[pri:21, instance:TestCases.Tc_003_EnterpriseTest@7f3b84b8]" started-at="2024-02-23T12:14:59 IST" name="verify_department" finished-at="2024-02-23T12:15:00 IST" duration-ms="380" status="PASS">
          <reporter-output>
          </reporter-output>
        </test-method> <!-- verify_department -->
        <test-method signature="verify_Country()[pri:22, instance:TestCases.Tc_003_EnterpriseTest@7f3b84b8]" started-at="2024-02-23T12:15:00 IST" name="verify_Country" finished-at="2024-02-23T12:15:00 IST" duration-ms="386" status="PASS">
          <reporter-output>
          </reporter-output>
        </test-method> <!-- verify_Country -->
        <test-method signature="verify_describe()[pri:22, instance:TestCases.Tc_003_EnterpriseTest@7f3b84b8]" started-at="2024-02-23T12:15:01 IST" name="verify_describe" finished-at="2024-02-23T12:15:01 IST" duration-ms="308" status="PASS">
          <reporter-output>
          </reporter-output>
        </test-method> <!-- verify_describe -->
        <test-method signature="verify_State()[pri:23, instance:TestCases.Tc_003_EnterpriseTest@7f3b84b8]" started-at="2024-02-23T12:15:01 IST" name="verify_State" finished-at="2024-02-23T12:15:02 IST" duration-ms="459" status="PASS">
          <reporter-output>
          </reporter-output>
        </test-method> <!-- verify_State -->
        <test-method signature="verify_Submit()[pri:24, instance:TestCases.Tc_003_EnterpriseTest@7f3b84b8]" started-at="2024-02-23T12:15:02 IST" name="verify_Submit" finished-at="2024-02-23T12:15:02 IST" duration-ms="178" status="PASS">
          <reporter-output>
          </reporter-output>
        </test-method> <!-- verify_Submit -->
        <test-method signature="verify_error_msg()[pri:25, instance:TestCases.Tc_003_EnterpriseTest@7f3b84b8]" started-at="2024-02-23T12:15:03 IST" name="verify_error_msg" finished-at="2024-02-23T12:15:03 IST" duration-ms="91" status="PASS">
          <reporter-output>
          </reporter-output>
        </test-method> <!-- verify_error_msg -->
      </class> <!-- TestCases.Tc_003_EnterpriseTest -->
      <class name="TestCases.Tc_002_LeaninglanguageTest">
        <test-method signature="verify_input_box()[pri:6, instance:TestCases.Tc_002_LeaninglanguageTest@77847718]" started-at="2024-02-23T12:13:13 IST" name="verify_input_box" finished-at="2024-02-23T12:13:15 IST" duration-ms="1328" status="PASS">
          <reporter-output>
          </reporter-output>
        </test-method> <!-- verify_input_box -->
        <test-method signature="verify_language()[pri:7, instance:TestCases.Tc_002_LeaninglanguageTest@77847718]" started-at="2024-02-23T12:13:15 IST" name="verify_language" finished-at="2024-02-23T12:13:45 IST" duration-ms="30081" status="PASS">
          <reporter-output>
          </reporter-output>
        </test-method> <!-- verify_language -->
        <test-method signature="verify_show_more()[pri:8, instance:TestCases.Tc_002_LeaninglanguageTest@77847718]" started-at="2024-02-23T12:13:46 IST" name="verify_show_more" finished-at="2024-02-23T12:14:16 IST" duration-ms="30332" status="PASS">
          <reporter-output>
          </reporter-output>
        </test-method> <!-- verify_show_more -->
        <test-method signature="verify_all_language()[pri:9, instance:TestCases.Tc_002_LeaninglanguageTest@77847718]" started-at="2024-02-23T12:14:16 IST" name="verify_all_language" finished-at="2024-02-23T12:14:23 IST" duration-ms="7235" status="PASS">
          <reporter-output>
          </reporter-output>
        </test-method> <!-- verify_all_language -->
        <test-method signature="verify_all_levels()[pri:10, instance:TestCases.Tc_002_LeaninglanguageTest@77847718]" started-at="2024-02-23T12:14:24 IST" name="verify_all_levels" finished-at="2024-02-23T12:14:24 IST" duration-ms="676" status="PASS">
          <reporter-output>
          </reporter-output>
        </test-method> <!-- verify_all_levels -->
      </class> <!-- TestCases.Tc_002_LeaninglanguageTest -->
      <class name="TestCases.Tc_001_HolidayHomeTest">
        <test-method is-config="true" signature="setUp(java.lang.String)[pri:0, instance:TestCases.Tc_001_HolidayHomeTest@36902638]" started-at="2024-02-23T12:11:10 IST" name="setUp" finished-at="2024-02-23T12:12:29 IST" duration-ms="79147" status="PASS">
          <params>
            <param index="0">
              <value>
                <![CDATA[Chrome]]>
              </value>
            </param>
          </params>
          <reporter-output>
          </reporter-output>
        </test-method> <!-- setUp -->
        <test-method signature="verify_text_box()[pri:1, instance:TestCases.Tc_001_HolidayHomeTest@36902638]" started-at="2024-02-23T12:12:29 IST" name="verify_text_box" finished-at="2024-02-23T12:12:37 IST" duration-ms="8537" status="PASS">
          <reporter-output>
          </reporter-output>
        </test-method> <!-- verify_text_box -->
        <test-method signature="verify_language()[pri:2, instance:TestCases.Tc_001_HolidayHomeTest@36902638]" started-at="2024-02-23T12:12:38 IST" name="verify_language" finished-at="2024-02-23T12:12:42 IST" duration-ms="4165" status="PASS">
          <reporter-output>
          </reporter-output>
        </test-method> <!-- verify_language -->
        <test-method signature="verify_course_level()[pri:3, instance:TestCases.Tc_001_HolidayHomeTest@36902638]" started-at="2024-02-23T12:12:42 IST" name="verify_course_level" finished-at="2024-02-23T12:12:47 IST" duration-ms="4052" status="PASS">
          <reporter-output>
          </reporter-output>
        </test-method> <!-- verify_course_level -->
        <test-method signature="verify_course_box()[pri:4, instance:TestCases.Tc_001_HolidayHomeTest@36902638]" started-at="2024-02-23T12:12:47 IST" name="verify_course_box" finished-at="2024-02-23T12:13:01 IST" duration-ms="13941" status="PASS">
          <reporter-output>
          </reporter-output>
        </test-method> <!-- verify_course_box -->
        <test-method signature="verify_second_course_box()[pri:5, instance:TestCases.Tc_001_HolidayHomeTest@36902638]" started-at="2024-02-23T12:13:01 IST" name="verify_second_course_box" finished-at="2024-02-23T12:13:13 IST" duration-ms="11816" status="PASS">
          <reporter-output>
          </reporter-output>
        </test-method> <!-- verify_second_course_box -->
        <test-method is-config="true" signature="tearDown()[pri:0, instance:TestCases.Tc_001_HolidayHomeTest@36902638]" started-at="2024-02-23T12:15:03 IST" name="tearDown" finished-at="2024-02-23T12:15:03 IST" duration-ms="2" status="PASS">
          <reporter-output>
          </reporter-output>
        </test-method> <!-- tearDown -->
      </class> <!-- TestCases.Tc_001_HolidayHomeTest -->
    </test> <!-- Test -->
  </suite> <!-- Suite -->
</testng-results>
