<?xml version="1.0" encoding="UTF-8"?>
<testsuite xmlns:xsi="http://www.w3.org/2001/XMLSchema-instance" xsi:noNamespaceSchemaLocation="https://maven.apache.org/surefire/maven-surefire-plugin/xsd/surefire-test-report-3.0.xsd" version="3.0" name="TestSuite" time="239.407" tests="25" errors="0" skipped="0" failures="0">
  <properties>
[...]
</properties>
  <testcase name="verify_text_box" classname="TestCases.Tc_001_HolidayHomeTest" time="9.078">
    <system-out><![CDATA[12:12:29.326 [main] INFO  TestCases.Tc_001_HolidayHomeTest - -------Entering data into text feild--------
]]></system-out>
    <system-err><![CDATA[SLF4J: Failed to load class "org.slf4j.impl.StaticLoggerBinder".
SLF4J: Defaulting to no-operation (NOP) logger implementation
SLF4J: See http://www.slf4j.org/codes.html#StaticLoggerBinder for further details.
]]></system-err>
  </testcase>
  <testcase name="verify_language" classname="TestCases.Tc_001_HolidayHomeTest" time="4.549">
    <system-out><![CDATA[12:12:38.398 [main] INFO  TestCases.Tc_001_HolidayHomeTest - -------Scrolling till language type--------
]]></system-out>
  </testcase>
  <testcase name="verify_course_level" classname="TestCases.Tc_001_HolidayHomeTest" time="4.311">
    <system-out><![CDATA[12:12:42.953 [main] INFO  TestCases.Tc_001_HolidayHomeTest - -------Scrolling till course level--------
]]></system-out>
  </testcase>
  <testcase name="verify_course_box" classname="TestCases.Tc_001_HolidayHomeTest" time="14.467">
    <system-out><![CDATA[12:12:47.267 [main] INFO  TestCases.Tc_001_HolidayHomeTest - -------Capturing all data of course first box--------
Course Name:Meta Front-End Developer Professional Certificate
Course Duration:7 months at 6 hours a week
Course Rating:4.7
]]></system-out>
  </testcase>
  <testcase name="verify_second_course_box" classname="TestCases.Tc_001_HolidayHomeTest" time="12.195">
    <system-out><![CDATA[12:13:01.735 [main] INFO  TestCases.Tc_001_HolidayHomeTest - -------Capturing all data of course second box--------
The second course heading:IBM Full Stack Software Developer Professional Certificate
The second course duration:4 months at 10 hours a week
The second course rating:4.5
]]></system-out>
  </testcase>
  <testcase name="verify_input_box" classname="TestCases.Tc_002_LeaninglanguageTest" time="1.659">
    <system-out><![CDATA[12:13:13.933 [main] INFO  TestCases.Tc_001_HolidayHomeTest - -------Entering data into input box--------
]]></system-out>
  </testcase>
  <testcase name="verify_language" classname="TestCases.Tc_002_LeaninglanguageTest" time="30.482">
    <system-out><![CDATA[12:13:15.593 [main] INFO  TestCases.Tc_001_HolidayHomeTest - --------Scrolling till the language icon-------
]]></system-out>
    <system-err><![CDATA[org.openqa.selenium.ScriptTimeoutException: script timeout
  (Session info: chrome=120.0.6099.130)
Build info: version: '4.17.0', revision: 'e52b1be057*'
System info: os.name: 'Windows 11', os.arch: 'amd64', os.version: '10.0', java.version: '17.0.2'
Driver info: org.openqa.selenium.chrome.ChromeDriver
Command: [4b034a094337f5450ad285dbb643a59e, executeAsyncScript {args=[{element-6066-11e4-a52e-4f735466cecf=34FDC5A8E28754DB06507AD55C25607C_element_158}], script=arguments[0].scrollIntoView();}]
Capabilities {acceptInsecureCerts: false, browserName: chrome, browserVersion: 120.0.6099.130, chrome: {chromedriverVersion: 120.0.6099.109 (3419140ab66..., userDataDir: C:\Users\2303822\AppData\Lo...}, fedcm:accounts: true, goog:chromeOptions: {debuggerAddress: localhost:57149}, networkConnectionEnabled: false, pageLoadStrategy: normal, platformName: windows, proxy: Proxy(), se:cdp: ws://localhost:57149/devtoo..., se:cdpVersion: 120.0.6099.130, setWindowRect: true, strictFileInteractability: false, timeouts: {implicit: 0, pageLoad: 300000, script: 30000}, unhandledPromptBehavior: dismiss and notify, webauthn:extension:credBlob: true, webauthn:extension:largeBlob: true, webauthn:extension:minPinLength: true, webauthn:extension:prf: true, webauthn:virtualAuthenticators: true}
Session ID: 4b034a094337f5450ad285dbb643a59e
	at java.base/jdk.internal.reflect.NativeConstructorAccessorImpl.newInstance0(Native Method)
	at java.base/jdk.internal.reflect.NativeConstructorAccessorImpl.newInstance(NativeConstructorAccessorImpl.java:77)
	at java.base/jdk.internal.reflect.DelegatingConstructorAccessorImpl.newInstance(DelegatingConstructorAccessorImpl.java:45)
	at java.base/java.lang.reflect.Constructor.newInstanceWithCaller(Constructor.java:499)
	at java.base/java.lang.reflect.Constructor.newInstance(Constructor.java:480)
	at org.openqa.selenium.remote.codec.w3c.W3CHttpResponseCodec.createException(W3CHttpResponseCodec.java:185)
	at org.openqa.selenium.remote.codec.w3c.W3CHttpResponseCodec.decode(W3CHttpResponseCodec.java:134)
	at org.openqa.selenium.remote.codec.w3c.W3CHttpResponseCodec.decode(W3CHttpResponseCodec.java:51)
	at org.openqa.selenium.remote.HttpCommandExecutor.execute(HttpCommandExecutor.java:190)
	at org.openqa.selenium.remote.service.DriverCommandExecutor.invokeExecute(DriverCommandExecutor.java:216)
	at org.openqa.selenium.remote.service.DriverCommandExecutor.execute(DriverCommandExecutor.java:174)
	at org.openqa.selenium.remote.RemoteWebDriver.execute(RemoteWebDriver.java:519)
	at org.openqa.selenium.remote.RemoteWebDriver.executeAsyncScript(RemoteWebDriver.java:472)
	at PageObject.LanguageLearningpage.language(LanguageLearningpage.java:84)
	at TestCases.Tc_002_LeaninglanguageTest.verify_language(Tc_002_LeaninglanguageTest.java:26)
	at java.base/jdk.internal.reflect.NativeMethodAccessorImpl.invoke0(Native Method)
	at java.base/jdk.internal.reflect.NativeMethodAccessorImpl.invoke(NativeMethodAccessorImpl.java:77)
	at java.base/jdk.internal.reflect.DelegatingMethodAccessorImpl.invoke(DelegatingMethodAccessorImpl.java:43)
	at java.base/java.lang.reflect.Method.invoke(Method.java:568)
	at org.testng.internal.invokers.MethodInvocationHelper.invokeMethod(MethodInvocationHelper.java:139)
	at org.testng.internal.invokers.TestInvoker.invokeMethod(TestInvoker.java:664)
	at org.testng.internal.invokers.TestInvoker.invokeTestMethod(TestInvoker.java:228)
	at org.testng.internal.invokers.MethodRunner.runInSequence(MethodRunner.java:63)
	at org.testng.internal.invokers.TestInvoker$MethodInvocationAgent.invoke(TestInvoker.java:961)
	at org.testng.internal.invokers.TestInvoker.invokeTestMethods(TestInvoker.java:201)
	at org.testng.internal.invokers.TestMethodWorker.invokeTestMethods(TestMethodWorker.java:148)
	at org.testng.internal.invokers.TestMethodWorker.run(TestMethodWorker.java:128)
	at java.base/java.util.ArrayList.forEach(ArrayList.java:1511)
	at org.testng.TestRunner.privateRun(TestRunner.java:819)
	at org.testng.TestRunner.run(TestRunner.java:619)
	at org.testng.SuiteRunner.runTest(SuiteRunner.java:443)
	at org.testng.SuiteRunner.runSequentially(SuiteRunner.java:437)
	at org.testng.SuiteRunner.privateRun(SuiteRunner.java:397)
	at org.testng.SuiteRunner.run(SuiteRunner.java:336)
	at org.testng.SuiteRunnerWorker.runSuite(SuiteRunnerWorker.java:52)
	at org.testng.SuiteRunnerWorker.run(SuiteRunnerWorker.java:95)
	at org.testng.TestNG.runSuitesSequentially(TestNG.java:1301)
	at org.testng.TestNG.runSuitesLocally(TestNG.java:1228)
	at org.testng.TestNG.runSuites(TestNG.java:1134)
	at org.testng.TestNG.run(TestNG.java:1101)
	at org.apache.maven.surefire.testng.TestNGExecutor.run(TestNGExecutor.java:308)
	at org.apache.maven.surefire.testng.TestNGXmlTestSuite.execute(TestNGXmlTestSuite.java:71)
	at org.apache.maven.surefire.testng.TestNGProvider.invoke(TestNGProvider.java:113)
	at org.apache.maven.surefire.booter.ForkedBooter.runSuitesInProcess(ForkedBooter.java:385)
	at org.apache.maven.surefire.booter.ForkedBooter.execute(ForkedBooter.java:162)
	at org.apache.maven.surefire.booter.ForkedBooter.run(ForkedBooter.java:507)
	at org.apache.maven.surefire.booter.ForkedBooter.main(ForkedBooter.java:495)
]]></system-err>
  </testcase>
  <testcase name="verify_show_more" classname="TestCases.Tc_002_LeaninglanguageTest" time="30.51">
    <system-out><![CDATA[12:13:46.079 [main] INFO  TestCases.Tc_001_HolidayHomeTest - -------Scrolling till show more--------
]]></system-out>
    <system-err><![CDATA[org.openqa.selenium.ScriptTimeoutException: script timeout
  (Session info: chrome=120.0.6099.130)
Build info: version: '4.17.0', revision: 'e52b1be057*'
System info: os.name: 'Windows 11', os.arch: 'amd64', os.version: '10.0', java.version: '17.0.2'
Driver info: org.openqa.selenium.chrome.ChromeDriver
Command: [4b034a094337f5450ad285dbb643a59e, executeAsyncScript {args=[{element-6066-11e4-a52e-4f735466cecf=34FDC5A8E28754DB06507AD55C25607C_element_169}], script=arguments[0].click();}]
Capabilities {acceptInsecureCerts: false, browserName: chrome, browserVersion: 120.0.6099.130, chrome: {chromedriverVersion: 120.0.6099.109 (3419140ab66..., userDataDir: C:\Users\2303822\AppData\Lo...}, fedcm:accounts: true, goog:chromeOptions: {debuggerAddress: localhost:57149}, networkConnectionEnabled: false, pageLoadStrategy: normal, platformName: windows, proxy: Proxy(), se:cdp: ws://localhost:57149/devtoo..., se:cdpVersion: 120.0.6099.130, setWindowRect: true, strictFileInteractability: false, timeouts: {implicit: 0, pageLoad: 300000, script: 30000}, unhandledPromptBehavior: dismiss and notify, webauthn:extension:credBlob: true, webauthn:extension:largeBlob: true, webauthn:extension:minPinLength: true, webauthn:extension:prf: true, webauthn:virtualAuthenticators: true}
Session ID: 4b034a094337f5450ad285dbb643a59e
	at java.base/jdk.internal.reflect.NativeConstructorAccessorImpl.newInstance0(Native Method)
	at java.base/jdk.internal.reflect.NativeConstructorAccessorImpl.newInstance(NativeConstructorAccessorImpl.java:77)
	at java.base/jdk.internal.reflect.DelegatingConstructorAccessorImpl.newInstance(DelegatingConstructorAccessorImpl.java:45)
	at java.base/java.lang.reflect.Constructor.newInstanceWithCaller(Constructor.java:499)
	at java.base/java.lang.reflect.Constructor.newInstance(Constructor.java:480)
	at org.openqa.selenium.remote.codec.w3c.W3CHttpResponseCodec.createException(W3CHttpResponseCodec.java:185)
	at org.openqa.selenium.remote.codec.w3c.W3CHttpResponseCodec.decode(W3CHttpResponseCodec.java:134)
	at org.openqa.selenium.remote.codec.w3c.W3CHttpResponseCodec.decode(W3CHttpResponseCodec.java:51)
	at org.openqa.selenium.remote.HttpCommandExecutor.execute(HttpCommandExecutor.java:190)
	at org.openqa.selenium.remote.service.DriverCommandExecutor.invokeExecute(DriverCommandExecutor.java:216)
	at org.openqa.selenium.remote.service.DriverCommandExecutor.execute(DriverCommandExecutor.java:174)
	at org.openqa.selenium.remote.RemoteWebDriver.execute(RemoteWebDriver.java:519)
	at org.openqa.selenium.remote.RemoteWebDriver.executeAsyncScript(RemoteWebDriver.java:472)
	at PageObject.LanguageLearningpage.show_more(LanguageLearningpage.java:101)
	at TestCases.Tc_002_LeaninglanguageTest.verify_show_more(Tc_002_LeaninglanguageTest.java:34)
	at java.base/jdk.internal.reflect.NativeMethodAccessorImpl.invoke0(Native Method)
	at java.base/jdk.internal.reflect.NativeMethodAccessorImpl.invoke(NativeMethodAccessorImpl.java:77)
	at java.base/jdk.internal.reflect.DelegatingMethodAccessorImpl.invoke(DelegatingMethodAccessorImpl.java:43)
	at java.base/java.lang.reflect.Method.invoke(Method.java:568)
	at org.testng.internal.invokers.MethodInvocationHelper.invokeMethod(MethodInvocationHelper.java:139)
	at org.testng.internal.invokers.TestInvoker.invokeMethod(TestInvoker.java:664)
	at org.testng.internal.invokers.TestInvoker.invokeTestMethod(TestInvoker.java:228)
	at org.testng.internal.invokers.MethodRunner.runInSequence(MethodRunner.java:63)
	at org.testng.internal.invokers.TestInvoker$MethodInvocationAgent.invoke(TestInvoker.java:961)
	at org.testng.internal.invokers.TestInvoker.invokeTestMethods(TestInvoker.java:201)
	at org.testng.internal.invokers.TestMethodWorker.invokeTestMethods(TestMethodWorker.java:148)
	at org.testng.internal.invokers.TestMethodWorker.run(TestMethodWorker.java:128)
	at java.base/java.util.ArrayList.forEach(ArrayList.java:1511)
	at org.testng.TestRunner.privateRun(TestRunner.java:819)
	at org.testng.TestRunner.run(TestRunner.java:619)
	at org.testng.SuiteRunner.runTest(SuiteRunner.java:443)
	at org.testng.SuiteRunner.runSequentially(SuiteRunner.java:437)
	at org.testng.SuiteRunner.privateRun(SuiteRunner.java:397)
	at org.testng.SuiteRunner.run(SuiteRunner.java:336)
	at org.testng.SuiteRunnerWorker.runSuite(SuiteRunnerWorker.java:52)
	at org.testng.SuiteRunnerWorker.run(SuiteRunnerWorker.java:95)
	at org.testng.TestNG.runSuitesSequentially(TestNG.java:1301)
	at org.testng.TestNG.runSuitesLocally(TestNG.java:1228)
	at org.testng.TestNG.runSuites(TestNG.java:1134)
	at org.testng.TestNG.run(TestNG.java:1101)
	at org.apache.maven.surefire.testng.TestNGExecutor.run(TestNGExecutor.java:308)
	at org.apache.maven.surefire.testng.TestNGXmlTestSuite.execute(TestNGXmlTestSuite.java:71)
	at org.apache.maven.surefire.testng.TestNGProvider.invoke(TestNGProvider.java:113)
	at org.apache.maven.surefire.booter.ForkedBooter.runSuitesInProcess(ForkedBooter.java:385)
	at org.apache.maven.surefire.booter.ForkedBooter.execute(ForkedBooter.java:162)
	at org.apache.maven.surefire.booter.ForkedBooter.run(ForkedBooter.java:507)
	at org.apache.maven.surefire.booter.ForkedBooter.main(ForkedBooter.java:495)
]]></system-err>
  </testcase>
  <testcase name="verify_all_language" classname="TestCases.Tc_002_LeaninglanguageTest" time="7.58">
    <system-out><![CDATA[12:14:16.591 [main] INFO  TestCases.Tc_001_HolidayHomeTest - -------Capturing all the languages--------
Count of the languages:24
All the languages are:
English (1,639)
Spanish (1,099)
Arabic (1,010)
French (995)
Chinese (China) (988)
Portuguese (Brazil) (986)
German (975)
Indonesian (974)
Hindi (970)
Italian (969)
Swedish (968)
Dutch (967)
Greek (967)
Polish (967)
Thai (967)
Turkish (967)
Ukrainian (967)
Russian (944)
Kazakh (893)
Hungarian (696)
Japanese (89)
Korean (87)
Chinese (Traditional) (5)
Hebrew (2)
]]></system-out>
  </testcase>
  <testcase name="verify_all_levels" classname="TestCases.Tc_002_LeaninglanguageTest" time="0.892">
    <system-out><![CDATA[12:14:24.175 [main] INFO  TestCases.Tc_001_HolidayHomeTest - -------Capturing all the levels--------
All the levels:4
Beginner (882)
Intermediate (776)
Advanced (80)
Mixed (148)
]]></system-out>
  </testcase>
  <testcase name="verify_coursera_button" classname="TestCases.Tc_003_EnterpriseTest" time="9.81">
    <system-out><![CDATA[12:14:25.069 [main] INFO  TestCases.Tc_001_HolidayHomeTest - -------Scrolling till coursera button--------
]]></system-out>
  </testcase>
  <testcase name="verify_enterprise_button" classname="TestCases.Tc_003_EnterpriseTest" time="11.024">
    <system-out><![CDATA[12:14:34.881 [main] INFO  TestCases.Tc_001_HolidayHomeTest - -------Scrolling till enterprise button--------
]]></system-out>
  </testcase>
  <testcase name="verify_whatWeOffer_button" classname="TestCases.Tc_003_EnterpriseTest" time="4.868"/>
  <testcase name="verify_learnMore_button" classname="TestCases.Tc_003_EnterpriseTest" time="5.969">
    <system-out><![CDATA[12:14:50.776 [main] INFO  TestCases.Tc_001_HolidayHomeTest - -------Clicking on university button--------
]]></system-out>
  </testcase>
  <testcase name="verify_Form" classname="TestCases.Tc_003_EnterpriseTest" time="0.611"/>
  <testcase name="verify_first_name" classname="TestCases.Tc_003_EnterpriseTest" time="0.756">
    <system-out><![CDATA[12:14:57.360 [main] INFO  TestCases.Tc_001_HolidayHomeTest - -------Entering the firstName--------
]]></system-out>
  </testcase>
  <testcase name="verify_mail_phone" classname="TestCases.Tc_003_EnterpriseTest" time="0.648"/>
  <testcase name="verify_institute_type" classname="TestCases.Tc_003_EnterpriseTest" time="0.609">
    <system-out><![CDATA[12:14:58.768 [main] INFO  TestCases.Tc_001_HolidayHomeTest - -------Entering the instituteType--------
]]></system-out>
  </testcase>
  <testcase name="verify_job_search" classname="TestCases.Tc_003_EnterpriseTest" time="0.553">
    <system-out><![CDATA[12:14:59.379 [main] INFO  TestCases.Tc_001_HolidayHomeTest - -------Entering the jobType--------
]]></system-out>
  </testcase>
  <testcase name="verify_department" classname="TestCases.Tc_003_EnterpriseTest" time="0.581"/>
  <testcase name="verify_Country" classname="TestCases.Tc_003_EnterpriseTest" time="0.662"/>
  <testcase name="verify_describe" classname="TestCases.Tc_003_EnterpriseTest" time="0.573"/>
  <testcase name="verify_State" classname="TestCases.Tc_003_EnterpriseTest" time="0.654"/>
  <testcase name="verify_Submit" classname="TestCases.Tc_003_EnterpriseTest" time="1.06"/>
  <testcase name="verify_error_msg" classname="TestCases.Tc_003_EnterpriseTest" time="0.271">
    <system-out><![CDATA[The error message is:Must be valid email.
example@yourdomain.com
]]></system-out>
  </testcase>
</testsuite>