<?xml version="1.0" encoding="UTF-8"?>
<testsuite xmlns:xsi="http://www.w3.org/2001/XMLSchema-instance" xsi:noNamespaceSchemaLocation="https://maven.apache.org/surefire/maven-surefire-plugin/xsd/surefire-test-report-3.0.xsd" version="3.0" name="TestSuite" time="126.528" tests="26" errors="0" skipped="0" failures="0">
  <properties>
[...]
</properties>
  <testcase name="verify_text_box" classname="TestCases.Tc_001_HolidayHomeTest" time="7.954">
    <system-out><![CDATA[16:45:27.990 [main] INFO  TestBase.BaseClass - -------Entering data into text feild--------
]]></system-out>
    <system-err><![CDATA[SLF4J: Failed to load class "org.slf4j.impl.StaticLoggerBinder".
SLF4J: Defaulting to no-operation (NOP) logger implementation
SLF4J: See http://www.slf4j.org/codes.html#StaticLoggerBinder for further details.
]]></system-err>
  </testcase>
  <testcase name="verify_language" classname="TestCases.Tc_001_HolidayHomeTest" time="3.646">
    <system-out><![CDATA[16:45:34.819 [main] INFO  TestBase.BaseClass - -------Scrolling till language type--------
]]></system-out>
  </testcase>
  <testcase name="verify_course_level" classname="TestCases.Tc_001_HolidayHomeTest" time="3.71">
    <system-out><![CDATA[16:45:38.469 [main] INFO  TestBase.BaseClass - -------Scrolling till course level--------
]]></system-out>
  </testcase>
  <testcase name="verify_course_box" classname="TestCases.Tc_001_HolidayHomeTest" time="14.044">
    <system-out><![CDATA[16:45:42.180 [main] INFO  TestBase.BaseClass - -------Capturing all data of course first box--------
Course Name:Meta Front-End Developer Professional Certificate
Course Duration:7 months at 6 hours a week
Course Rating:4.7
]]></system-out>
  </testcase>
  <testcase name="verify_second_course_box" classname="TestCases.Tc_001_HolidayHomeTest" time="8.149">
    <system-out><![CDATA[16:45:56.225 [main] INFO  TestBase.BaseClass - -------Capturing all data of course second box--------
The second course heading:IBM Full Stack Software Developer Professional Certificate
The second course duration:4 months at 10 hours a week
The second course rating:4.5
]]></system-out>
  </testcase>
  <testcase name="verify_input_box" classname="TestCases.Tc_002_LeaninglanguageTest" time="1.42">
    <system-out><![CDATA[16:46:04.377 [main] INFO  TestBase.BaseClass - -------Entering data into input box--------
]]></system-out>
  </testcase>
  <testcase name="verify_language" classname="TestCases.Tc_002_LeaninglanguageTest" time="1.576">
    <system-out><![CDATA[16:46:05.799 [main] INFO  TestBase.BaseClass - --------Scrolling till the language icon-------
]]></system-out>
  </testcase>
  <testcase name="verify_show_more" classname="TestCases.Tc_002_LeaninglanguageTest" time="1.542">
    <system-out><![CDATA[16:46:07.378 [main] INFO  TestBase.BaseClass - -------Scrolling till show more--------
]]></system-out>
  </testcase>
  <testcase name="verify_all_language" classname="TestCases.Tc_002_LeaninglanguageTest" time="8.652">
    <system-out><![CDATA[16:46:08.922 [main] INFO  TestBase.BaseClass - -------Capturing all the languages--------
Count of the languages:24
All the languages are:
English (1,643)
Spanish (1,099)
Arabic (1,010)
French (995)
Chinese (China) (991)
Portuguese (Brazil) (986)
German (975)
Indonesian (974)
Hindi (970)
Italian (969)
Swedish (968)
Dutch (967)
Greek (967)
Polish (967)
Thai (967)
Turkish (967)
Ukrainian (967)
Russian (944)
Kazakh (892)
Hungarian (696)
Japanese (90)
Korean (88)
Chinese (Traditional) (5)
Hebrew (2)
]]></system-out>
  </testcase>
  <testcase name="verify_all_levels" classname="TestCases.Tc_002_LeaninglanguageTest" time="0.799">
    <system-out><![CDATA[16:46:17.575 [main] INFO  TestBase.BaseClass - -------Capturing all the levels--------
All the levels:4
Beginner (884)
Intermediate (779)
Advanced (80)
Mixed (147)
]]></system-out>
  </testcase>
  <testcase name="verify_coursera_button" classname="TestCases.Tc_003_EnterpriseTest" time="10.257">
    <system-out><![CDATA[16:46:18.375 [main] INFO  TestBase.BaseClass - -------Scrolling till coursera button--------
]]></system-out>
  </testcase>
  <testcase name="verify_enterprise_button" classname="TestCases.Tc_003_EnterpriseTest" time="11.569">
    <system-out><![CDATA[16:46:28.634 [main] INFO  TestBase.BaseClass - -------Scrolling till enterprise button--------
]]></system-out>
  </testcase>
  <testcase name="verify_whatWeOffer_button" classname="TestCases.Tc_003_EnterpriseTest" time="11.707">
    <system-out><![CDATA[16:46:40.204 [main] INFO  TestBase.BaseClass - -------Clicking on solution button--------
]]></system-out>
  </testcase>
  <testcase name="verify_learnMore_button" classname="TestCases.Tc_003_EnterpriseTest" time="6.364">
    <system-out><![CDATA[16:46:51.913 [main] INFO  TestBase.BaseClass - -------Clicking on university button--------
]]></system-out>
  </testcase>
  <testcase name="verify_Form" classname="TestCases.Tc_003_EnterpriseTest" time="0.279">
    <system-out><![CDATA[16:46:58.279 [main] INFO  TestBase.BaseClass - -------Scrolling till the form --------
]]></system-out>
  </testcase>
  <testcase name="verify_first_name" classname="TestCases.Tc_003_EnterpriseTest" time="1.022">
    <system-out><![CDATA[16:46:58.560 [main] INFO  TestBase.BaseClass - -------Entering the firstName--------
]]></system-out>
  </testcase>
  <testcase name="verify_mail_phone" classname="TestCases.Tc_003_EnterpriseTest" time="0.512">
    <system-out><![CDATA[16:46:59.584 [main] INFO  TestBase.BaseClass - -------Entering the lastName--------
]]></system-out>
  </testcase>
  <testcase name="verify_institute_type" classname="TestCases.Tc_003_EnterpriseTest" time="0.402">
    <system-out><![CDATA[16:47:00.098 [main] INFO  TestBase.BaseClass - -------Entering the instituteType--------
]]></system-out>
  </testcase>
  <testcase name="verify_institute_name" classname="TestCases.Tc_003_EnterpriseTest" time="0.292"/>
  <testcase name="verify_job_search" classname="TestCases.Tc_003_EnterpriseTest" time="0.353">
    <system-out><![CDATA[16:47:00.795 [main] INFO  TestBase.BaseClass - -------Entering the jobType--------
]]></system-out>
  </testcase>
  <testcase name="verify_department" classname="TestCases.Tc_003_EnterpriseTest" time="0.345"/>
  <testcase name="verify_Country" classname="TestCases.Tc_003_EnterpriseTest" time="0.376"/>
  <testcase name="verify_describe" classname="TestCases.Tc_003_EnterpriseTest" time="0.339"/>
  <testcase name="verify_State" classname="TestCases.Tc_003_EnterpriseTest" time="0.371"/>
  <testcase name="verify_Submit" classname="TestCases.Tc_003_EnterpriseTest" time="0.401"/>
  <testcase name="verify_error_msg" classname="TestCases.Tc_003_EnterpriseTest" time="0.316">
    <system-out><![CDATA[The error message is:Must be valid email.
example@yourdomain.com
]]></system-out>
  </testcase>
</testsuite>