<?xml version="1.0" encoding="UTF-8"?>
<testng-results ignored="4" total="30" passed="26" failed="0" skipped="0">
  <reporter-output>
  </reporter-output>
  <suite started-at="2024-02-28T10:50:40 IST" name="Suite" finished-at="2024-02-28T10:53:16 IST" duration-ms="156058">
    <groups>
    </groups>
    <test started-at="2024-02-28T10:50:40 IST" name="Test" finished-at="2024-02-28T10:53:16 IST" duration-ms="156058">
      <class name="TestCases.Tc_003_EnterpriseTest">
        <test-method signature="verify_coursera_button()[pri:10, instance:TestCases.Tc_003_EnterpriseTest@6fdbe764]" started-at="2024-02-28T10:52:41 IST" name="verify_coursera_button" finished-at="2024-02-28T10:52:49 IST" duration-ms="7656" status="PASS">
          <reporter-output>
          </reporter-output>
        </test-method> <!-- verify_coursera_button -->
        <test-method signature="verify_enterprise_button()[pri:11, instance:TestCases.Tc_003_EnterpriseTest@6fdbe764]" started-at="2024-02-28T10:52:49 IST" name="verify_enterprise_button" finished-at="2024-02-28T10:52:58 IST" duration-ms="8897" status="PASS">
          <reporter-output>
          </reporter-output>
        </test-method> <!-- verify_enterprise_button -->
        <test-method signature="verify_whatWeOffer_button()[pri:12, instance:TestCases.Tc_003_EnterpriseTest@6fdbe764]" started-at="2024-02-28T10:52:58 IST" name="verify_whatWeOffer_button" finished-at="2024-02-28T10:53:03 IST" duration-ms="4842" status="PASS">
          <reporter-output>
          </reporter-output>
        </test-method> <!-- verify_whatWeOffer_button -->
        <test-method signature="verify_learnMore_button()[pri:13, instance:TestCases.Tc_003_EnterpriseTest@6fdbe764]" started-at="2024-02-28T10:53:03 IST" name="verify_learnMore_button" finished-at="2024-02-28T10:53:09 IST" duration-ms="6207" status="PASS">
          <reporter-output>
          </reporter-output>
        </test-method> <!-- verify_learnMore_button -->
        <test-method signature="verify_Form()[pri:14, instance:TestCases.Tc_003_EnterpriseTest@6fdbe764]" started-at="2024-02-28T10:53:10 IST" name="verify_Form" finished-at="2024-02-28T10:53:10 IST" duration-ms="107" status="PASS">
          <reporter-output>
          </reporter-output>
        </test-method> <!-- verify_Form -->
        <test-method signature="verify_first_name()[pri:15, instance:TestCases.Tc_003_EnterpriseTest@6fdbe764]" started-at="2024-02-28T10:53:10 IST" name="verify_first_name" finished-at="2024-02-28T10:53:11 IST" duration-ms="598" status="PASS">
          <reporter-output>
          </reporter-output>
        </test-method> <!-- verify_first_name -->
        <test-method signature="verify_mail_phone()[pri:16, instance:TestCases.Tc_003_EnterpriseTest@6fdbe764]" started-at="2024-02-28T10:53:11 IST" name="verify_mail_phone" finished-at="2024-02-28T10:53:11 IST" duration-ms="475" status="PASS">
          <reporter-output>
          </reporter-output>
        </test-method> <!-- verify_mail_phone -->
        <test-method signature="verify_institute_type()[pri:17, instance:TestCases.Tc_003_EnterpriseTest@6fdbe764]" started-at="2024-02-28T10:53:12 IST" name="verify_institute_type" finished-at="2024-02-28T10:53:12 IST" duration-ms="248" status="PASS">
          <reporter-output>
          </reporter-output>
        </test-method> <!-- verify_institute_type -->
        <test-method signature="verify_institute_name()[pri:18, instance:TestCases.Tc_003_EnterpriseTest@6fdbe764]" started-at="2024-02-28T10:53:12 IST" name="verify_institute_name" finished-at="2024-02-28T10:53:12 IST" duration-ms="183" status="PASS">
          <reporter-output>
          </reporter-output>
        </test-method> <!-- verify_institute_name -->
        <test-method signature="verify_job_search()[pri:19, instance:TestCases.Tc_003_EnterpriseTest@6fdbe764]" started-at="2024-02-28T10:53:12 IST" name="verify_job_search" finished-at="2024-02-28T10:53:13 IST" duration-ms="203" status="PASS">
          <reporter-output>
          </reporter-output>
        </test-method> <!-- verify_job_search -->
        <test-method signature="verify_department()[pri:21, instance:TestCases.Tc_003_EnterpriseTest@6fdbe764]" started-at="2024-02-28T10:53:13 IST" name="verify_department" finished-at="2024-02-28T10:53:13 IST" duration-ms="223" status="PASS">
          <reporter-output>
          </reporter-output>
        </test-method> <!-- verify_department -->
        <test-method signature="verify_Country()[pri:22, instance:TestCases.Tc_003_EnterpriseTest@6fdbe764]" started-at="2024-02-28T10:53:13 IST" name="verify_Country" finished-at="2024-02-28T10:53:13 IST" duration-ms="239" status="PASS">
          <reporter-output>
          </reporter-output>
        </test-method> <!-- verify_Country -->
        <test-method signature="verify_describe()[pri:22, instance:TestCases.Tc_003_EnterpriseTest@6fdbe764]" started-at="2024-02-28T10:53:13 IST" name="verify_describe" finished-at="2024-02-28T10:53:14 IST" duration-ms="273" status="PASS">
          <reporter-output>
          </reporter-output>
        </test-method> <!-- verify_describe -->
        <test-method signature="verify_State()[pri:23, instance:TestCases.Tc_003_EnterpriseTest@6fdbe764]" started-at="2024-02-28T10:53:14 IST" name="verify_State" finished-at="2024-02-28T10:53:14 IST" duration-ms="226" status="PASS">
          <reporter-output>
          </reporter-output>
        </test-method> <!-- verify_State -->
        <test-method signature="verify_Submit()[pri:24, instance:TestCases.Tc_003_EnterpriseTest@6fdbe764]" started-at="2024-02-28T10:53:14 IST" name="verify_Submit" finished-at="2024-02-28T10:53:14 IST" duration-ms="123" status="PASS">
          <reporter-output>
          </reporter-output>
        </test-method> <!-- verify_Submit -->
        <test-method signature="verify_error_msg()[pri:25, instance:TestCases.Tc_003_EnterpriseTest@6fdbe764]" started-at="2024-02-28T10:53:15 IST" name="verify_error_msg" finished-at="2024-02-28T10:53:15 IST" duration-ms="80" status="PASS">
          <reporter-output>
          </reporter-output>
        </test-method> <!-- verify_error_msg -->
      </class> <!-- TestCases.Tc_003_EnterpriseTest -->
      <class name="TestCases.Tc_002_LeaninglanguageTest">
        <test-method signature="verify_input_box()[pri:6, instance:TestCases.Tc_002_LeaninglanguageTest@a38c7fe]" started-at="2024-02-28T10:52:31 IST" name="verify_input_box" finished-at="2024-02-28T10:52:32 IST" duration-ms="1355" status="PASS">
          <reporter-output>
          </reporter-output>
        </test-method> <!-- verify_input_box -->
        <test-method signature="verify_language()[pri:7, instance:TestCases.Tc_002_LeaninglanguageTest@a38c7fe]" started-at="2024-02-28T10:52:33 IST" name="verify_language" finished-at="2024-02-28T10:52:33 IST" duration-ms="412" status="PASS">
          <reporter-output>
          </reporter-output>
        </test-method> <!-- verify_language -->
        <test-method signature="verify_show_more()[pri:8, instance:TestCases.Tc_002_LeaninglanguageTest@a38c7fe]" started-at="2024-02-28T10:52:33 IST" name="verify_show_more" finished-at="2024-02-28T10:52:34 IST" duration-ms="883" status="PASS">
          <reporter-output>
          </reporter-output>
        </test-method> <!-- verify_show_more -->
        <test-method signature="verify_all_language()[pri:9, instance:TestCases.Tc_002_LeaninglanguageTest@a38c7fe]" started-at="2024-02-28T10:52:34 IST" name="verify_all_language" finished-at="2024-02-28T10:52:40 IST" duration-ms="5809" status="PASS">
          <reporter-output>
          </reporter-output>
        </test-method> <!-- verify_all_language -->
        <test-method signature="verify_all_levels()[pri:10, instance:TestCases.Tc_002_LeaninglanguageTest@a38c7fe]" started-at="2024-02-28T10:52:40 IST" name="verify_all_levels" finished-at="2024-02-28T10:52:41 IST" duration-ms="534" status="PASS">
          <reporter-output>
          </reporter-output>
        </test-method> <!-- verify_all_levels -->
      </class> <!-- TestCases.Tc_002_LeaninglanguageTest -->
      <class name="TestCases.Tc_001_HolidayHomeTest">
        <test-method is-config="true" signature="setUp(java.lang.String,java.lang.String)[pri:0, instance:TestCases.Tc_001_HolidayHomeTest@534a5a98]" started-at="2024-02-28T10:50:41 IST" name="setUp" finished-at="2024-02-28T10:51:29 IST" duration-ms="48448" status="PASS">
          <params>
            <param index="0">
              <value>
                <![CDATA[windows]]>
              </value>
            </param>
            <param index="1">
              <value>
                <![CDATA[Chrome]]>
              </value>
            </param>
          </params>
          <reporter-output>
          </reporter-output>
        </test-method> <!-- setUp -->
        <test-method signature="verify_text_box()[pri:1, instance:TestCases.Tc_001_HolidayHomeTest@534a5a98]" started-at="2024-02-28T10:51:29 IST" name="verify_text_box" finished-at="2024-02-28T10:51:53 IST" duration-ms="23267" status="PASS">
          <reporter-output>
          </reporter-output>
        </test-method> <!-- verify_text_box -->
        <test-method signature="verify_language()[pri:2, instance:TestCases.Tc_001_HolidayHomeTest@534a5a98]" started-at="2024-02-28T10:51:53 IST" name="verify_language" finished-at="2024-02-28T10:51:57 IST" duration-ms="3757" status="PASS">
          <reporter-output>
          </reporter-output>
        </test-method> <!-- verify_language -->
        <test-method signature="verify_course_level()[pri:3, instance:TestCases.Tc_001_HolidayHomeTest@534a5a98]" started-at="2024-02-28T10:51:57 IST" name="verify_course_level" finished-at="2024-02-28T10:52:00 IST" duration-ms="3449" status="PASS">
          <reporter-output>
          </reporter-output>
        </test-method> <!-- verify_course_level -->
        <test-method signature="verify_course_box()[pri:4, instance:TestCases.Tc_001_HolidayHomeTest@534a5a98]" started-at="2024-02-28T10:52:01 IST" name="verify_course_box" finished-at="2024-02-28T10:52:20 IST" duration-ms="19732" status="PASS">
          <reporter-output>
          </reporter-output>
        </test-method> <!-- verify_course_box -->
        <test-method signature="verify_second_course_box()[pri:5, instance:TestCases.Tc_001_HolidayHomeTest@534a5a98]" started-at="2024-02-28T10:52:21 IST" name="verify_second_course_box" finished-at="2024-02-28T10:52:31 IST" duration-ms="9807" status="PASS">
          <reporter-output>
          </reporter-output>
        </test-method> <!-- verify_second_course_box -->
        <test-method is-config="true" signature="tearDown()[pri:0, instance:TestCases.Tc_001_HolidayHomeTest@534a5a98]" started-at="2024-02-28T10:53:15 IST" name="tearDown" finished-at="2024-02-28T10:53:16 IST" duration-ms="1223" status="PASS">
          <reporter-output>
          </reporter-output>
        </test-method> <!-- tearDown -->
      </class> <!-- TestCases.Tc_001_HolidayHomeTest -->
    </test> <!-- Test -->
  </suite> <!-- Suite -->
</testng-results>
