<?xml version="1.0" encoding="UTF-8"?>
<testng-results ignored="4" total="30" passed="26" failed="0" skipped="0">
  <reporter-output>
  </reporter-output>
  <suite started-at="2024-03-13T11:39:57 IST" name="Suite" finished-at="2024-03-13T11:41:26 IST" duration-ms="89274">
    <groups>
    </groups>
    <test started-at="2024-03-13T11:39:57 IST" name="Test" finished-at="2024-03-13T11:41:26 IST" duration-ms="89274">
      <class name="TestCases.Tc_003_EnterpriseTest">
        <test-method signature="verify_coursera_button()[pri:10, instance:TestCases.Tc_003_EnterpriseTest@6fdbe764]" started-at="2024-03-13T11:40:54 IST" name="verify_coursera_button" finished-at="2024-03-13T11:41:00 IST" duration-ms="5880" status="PASS">
          <reporter-output>
          </reporter-output>
        </test-method> <!-- verify_coursera_button -->
        <test-method signature="verify_enterprise_button()[pri:11, instance:TestCases.Tc_003_EnterpriseTest@6fdbe764]" started-at="2024-03-13T11:41:00 IST" name="verify_enterprise_button" finished-at="2024-03-13T11:41:09 IST" duration-ms="8314" status="PASS">
          <reporter-output>
          </reporter-output>
        </test-method> <!-- verify_enterprise_button -->
        <test-method signature="verify_whatWeOffer_button()[pri:12, instance:TestCases.Tc_003_EnterpriseTest@6fdbe764]" started-at="2024-03-13T11:41:09 IST" name="verify_whatWeOffer_button" finished-at="2024-03-13T11:41:13 IST" duration-ms="4544" status="PASS">
          <reporter-output>
          </reporter-output>
        </test-method> <!-- verify_whatWeOffer_button -->
        <test-method signature="verify_learnMore_button()[pri:13, instance:TestCases.Tc_003_EnterpriseTest@6fdbe764]" started-at="2024-03-13T11:41:14 IST" name="verify_learnMore_button" finished-at="2024-03-13T11:41:20 IST" duration-ms="5982" status="PASS">
          <reporter-output>
          </reporter-output>
        </test-method> <!-- verify_learnMore_button -->
        <test-method signature="verify_Form()[pri:14, instance:TestCases.Tc_003_EnterpriseTest@6fdbe764]" started-at="2024-03-13T11:41:20 IST" name="verify_Form" finished-at="2024-03-13T11:41:20 IST" duration-ms="87" status="PASS">
          <reporter-output>
          </reporter-output>
        </test-method> <!-- verify_Form -->
        <test-method signature="verify_first_name()[pri:15, instance:TestCases.Tc_003_EnterpriseTest@6fdbe764]" started-at="2024-03-13T11:41:20 IST" name="verify_first_name" finished-at="2024-03-13T11:41:20 IST" duration-ms="390" status="PASS">
          <reporter-output>
          </reporter-output>
        </test-method> <!-- verify_first_name -->
        <test-method signature="verify_mail_phone()[pri:16, instance:TestCases.Tc_003_EnterpriseTest@6fdbe764]" started-at="2024-03-13T11:41:21 IST" name="verify_mail_phone" finished-at="2024-03-13T11:41:21 IST" duration-ms="531" status="PASS">
          <reporter-output>
          </reporter-output>
        </test-method> <!-- verify_mail_phone -->
        <test-method signature="verify_institute_type()[pri:17, instance:TestCases.Tc_003_EnterpriseTest@6fdbe764]" started-at="2024-03-13T11:41:21 IST" name="verify_institute_type" finished-at="2024-03-13T11:41:22 IST" duration-ms="223" status="PASS">
          <reporter-output>
          </reporter-output>
        </test-method> <!-- verify_institute_type -->
        <test-method signature="verify_institute_name()[pri:18, instance:TestCases.Tc_003_EnterpriseTest@6fdbe764]" started-at="2024-03-13T11:41:22 IST" name="verify_institute_name" finished-at="2024-03-13T11:41:22 IST" duration-ms="303" status="PASS">
          <reporter-output>
          </reporter-output>
        </test-method> <!-- verify_institute_name -->
        <test-method signature="verify_job_search()[pri:19, instance:TestCases.Tc_003_EnterpriseTest@6fdbe764]" started-at="2024-03-13T11:41:22 IST" name="verify_job_search" finished-at="2024-03-13T11:41:23 IST" duration-ms="263" status="PASS">
          <reporter-output>
          </reporter-output>
        </test-method> <!-- verify_job_search -->
        <test-method signature="verify_department()[pri:21, instance:TestCases.Tc_003_EnterpriseTest@6fdbe764]" started-at="2024-03-13T11:41:23 IST" name="verify_department" finished-at="2024-03-13T11:41:23 IST" duration-ms="239" status="PASS">
          <reporter-output>
          </reporter-output>
        </test-method> <!-- verify_department -->
        <test-method signature="verify_Country()[pri:22, instance:TestCases.Tc_003_EnterpriseTest@6fdbe764]" started-at="2024-03-13T11:41:23 IST" name="verify_Country" finished-at="2024-03-13T11:41:23 IST" duration-ms="229" status="PASS">
          <reporter-output>
          </reporter-output>
        </test-method> <!-- verify_Country -->
        <test-method signature="verify_describe()[pri:22, instance:TestCases.Tc_003_EnterpriseTest@6fdbe764]" started-at="2024-03-13T11:41:23 IST" name="verify_describe" finished-at="2024-03-13T11:41:24 IST" duration-ms="308" status="PASS">
          <reporter-output>
          </reporter-output>
        </test-method> <!-- verify_describe -->
        <test-method signature="verify_State()[pri:23, instance:TestCases.Tc_003_EnterpriseTest@6fdbe764]" started-at="2024-03-13T11:41:24 IST" name="verify_State" finished-at="2024-03-13T11:41:24 IST" duration-ms="276" status="PASS">
          <reporter-output>
          </reporter-output>
        </test-method> <!-- verify_State -->
        <test-method signature="verify_Submit()[pri:24, instance:TestCases.Tc_003_EnterpriseTest@6fdbe764]" started-at="2024-03-13T11:41:24 IST" name="verify_Submit" finished-at="2024-03-13T11:41:25 IST" duration-ms="131" status="PASS">
          <reporter-output>
          </reporter-output>
        </test-method> <!-- verify_Submit -->
        <test-method signature="verify_error_msg()[pri:25, instance:TestCases.Tc_003_EnterpriseTest@6fdbe764]" started-at="2024-03-13T11:41:25 IST" name="verify_error_msg" finished-at="2024-03-13T11:41:25 IST" duration-ms="60" status="PASS">
          <reporter-output>
          </reporter-output>
        </test-method> <!-- verify_error_msg -->
      </class> <!-- TestCases.Tc_003_EnterpriseTest -->
      <class name="TestCases.Tc_002_LeaninglanguageTest">
        <test-method signature="verify_input_box()[pri:6, instance:TestCases.Tc_002_LeaninglanguageTest@a38c7fe]" started-at="2024-03-13T11:40:47 IST" name="verify_input_box" finished-at="2024-03-13T11:40:48 IST" duration-ms="719" status="PASS">
          <reporter-output>
          </reporter-output>
        </test-method> <!-- verify_input_box -->
        <test-method signature="verify_language()[pri:7, instance:TestCases.Tc_002_LeaninglanguageTest@a38c7fe]" started-at="2024-03-13T11:40:48 IST" name="verify_language" finished-at="2024-03-13T11:40:48 IST" duration-ms="320" status="PASS">
          <reporter-output>
          </reporter-output>
        </test-method> <!-- verify_language -->
        <test-method signature="verify_show_more()[pri:8, instance:TestCases.Tc_002_LeaninglanguageTest@a38c7fe]" started-at="2024-03-13T11:40:49 IST" name="verify_show_more" finished-at="2024-03-13T11:40:49 IST" duration-ms="446" status="PASS">
          <reporter-output>
          </reporter-output>
        </test-method> <!-- verify_show_more -->
        <test-method signature="verify_all_language()[pri:9, instance:TestCases.Tc_002_LeaninglanguageTest@a38c7fe]" started-at="2024-03-13T11:40:49 IST" name="verify_all_language" finished-at="2024-03-13T11:40:54 IST" duration-ms="4302" status="PASS">
          <reporter-output>
          </reporter-output>
        </test-method> <!-- verify_all_language -->
        <test-method signature="verify_all_levels()[pri:10, instance:TestCases.Tc_002_LeaninglanguageTest@a38c7fe]" started-at="2024-03-13T11:40:54 IST" name="verify_all_levels" finished-at="2024-03-13T11:40:54 IST" duration-ms="368" status="PASS">
          <reporter-output>
          </reporter-output>
        </test-method> <!-- verify_all_levels -->
      </class> <!-- TestCases.Tc_002_LeaninglanguageTest -->
      <class name="TestCases.Tc_001_HolidayHomeTest">
        <test-method is-config="true" signature="setUp(java.lang.String,java.lang.String)[pri:0, instance:TestCases.Tc_001_HolidayHomeTest@534a5a98]" started-at="2024-03-13T11:39:58 IST" name="setUp" finished-at="2024-03-13T11:40:14 IST" duration-ms="15835" status="PASS">
          <params>
            <param index="0">
              <value>
                <![CDATA[windows]]>
              </value>
            </param>
            <param index="1">
              <value>
                <![CDATA[Chrome]]>
              </value>
            </param>
          </params>
          <reporter-output>
          </reporter-output>
        </test-method> <!-- setUp -->
        <test-method signature="verify_text_box()[pri:1, instance:TestCases.Tc_001_HolidayHomeTest@534a5a98]" started-at="2024-03-13T11:40:14 IST" name="verify_text_box" finished-at="2024-03-13T11:40:21 IST" duration-ms="7066" status="PASS">
          <reporter-output>
          </reporter-output>
        </test-method> <!-- verify_text_box -->
        <test-method signature="verify_language()[pri:2, instance:TestCases.Tc_001_HolidayHomeTest@534a5a98]" started-at="2024-03-13T11:40:21 IST" name="verify_language" finished-at="2024-03-13T11:40:25 IST" duration-ms="3503" status="PASS">
          <reporter-output>
          </reporter-output>
        </test-method> <!-- verify_language -->
        <test-method signature="verify_course_level()[pri:3, instance:TestCases.Tc_001_HolidayHomeTest@534a5a98]" started-at="2024-03-13T11:40:25 IST" name="verify_course_level" finished-at="2024-03-13T11:40:29 IST" duration-ms="3592" status="PASS">
          <reporter-output>
          </reporter-output>
        </test-method> <!-- verify_course_level -->
        <test-method signature="verify_course_box()[pri:4, instance:TestCases.Tc_001_HolidayHomeTest@534a5a98]" started-at="2024-03-13T11:40:29 IST" name="verify_course_box" finished-at="2024-03-13T11:40:38 IST" duration-ms="8981" status="PASS">
          <reporter-output>
          </reporter-output>
        </test-method> <!-- verify_course_box -->
        <test-method signature="verify_second_course_box()[pri:5, instance:TestCases.Tc_001_HolidayHomeTest@534a5a98]" started-at="2024-03-13T11:40:38 IST" name="verify_second_course_box" finished-at="2024-03-13T11:40:47 IST" duration-ms="8341" status="PASS">
          <reporter-output>
          </reporter-output>
        </test-method> <!-- verify_second_course_box -->
        <test-method is-config="true" signature="tearDown()[pri:0, instance:TestCases.Tc_001_HolidayHomeTest@534a5a98]" started-at="2024-03-13T11:41:25 IST" name="tearDown" finished-at="2024-03-13T11:41:26 IST" duration-ms="1392" status="PASS">
          <reporter-output>
          </reporter-output>
        </test-method> <!-- tearDown -->
      </class> <!-- TestCases.Tc_001_HolidayHomeTest -->
    </test> <!-- Test -->
  </suite> <!-- Suite -->
</testng-results>
